<?xml version="1.0" encoding="UTF-8"?>
<!-- Generated by org.testng.reporters.JUnitReportReporter -->
<testsuite skipped="0" hostname="DESKTOP-8V9ACPV" name="testcases.TC005_MergeLead" tests="2" failures="0" timestamp="31 Aug 2018 12:07:08 GMT" time="53.307" errors="0">
  <testcase name="mergeLead" time="24.986" classname="testcases.TC005_MergeLead"/>
  <testcase name="mergeLead" time="28.321" classname="testcases.TC005_MergeLead"/>
</testsuite> <!-- testcases.TC005_MergeLead -->
