<?xml version="1.0" encoding="UTF-8"?>
<!-- Generated by org.testng.reporters.JUnitReportReporter -->
<testsuite skipped="0" hostname="DESKTOP-8V9ACPV" name="testcases.TC002_EditLead" tests="2" failures="0" timestamp="31 Aug 2018 12:07:08 GMT" time="43.319" errors="0">
  <testcase name="editLead" time="21.878" classname="testcases.TC002_EditLead"/>
  <testcase name="editLead" time="21.441" classname="testcases.TC002_EditLead"/>
</testsuite> <!-- testcases.TC002_EditLead -->
