<?xml version="1.0" encoding="UTF-8"?>
<!-- Generated by org.testng.reporters.JUnitReportReporter -->
<testsuite skipped="0" hostname="DESKTOP-8V9ACPV" name="testcases.TC004_DuplicateLead" tests="2" failures="0" timestamp="31 Aug 2018 12:07:08 GMT" time="39.950" errors="0">
  <testcase name="duplicateLead" time="19.676" classname="testcases.TC004_DuplicateLead"/>
  <testcase name="duplicateLead" time="20.274" classname="testcases.TC004_DuplicateLead"/>
</testsuite> <!-- testcases.TC004_DuplicateLead -->
