<?xml version="1.0" encoding="UTF-8"?>
<!-- Generated by org.testng.reporters.JUnitReportReporter -->
<testsuite skipped="0" hostname="DESKTOP-8V9ACPV" name="testcases.TC003_DeleteLead" tests="2" failures="0" timestamp="31 Aug 2018 12:07:08 GMT" time="42.983" errors="0">
  <testcase name="deleteLead" time="22.217" classname="testcases.TC003_DeleteLead"/>
  <testcase name="deleteLead" time="20.766" classname="testcases.TC003_DeleteLead"/>
</testsuite> <!-- testcases.TC003_DeleteLead -->
