<?xml version="1.0" encoding="UTF-8"?>
<!-- Generated by org.testng.reporters.JUnitReportReporter -->
<testsuite skipped="0" hostname="DESKTOP-8V9ACPV" name="tests.TC001_CreateLead" tests="1" failures="0" timestamp="01 Sep 2018 04:11:41 GMT" time="15.304" errors="0">
  <testcase name="createLead" time="15.304" classname="tests.TC001_CreateLead"/>
</testsuite> <!-- tests.TC001_CreateLead -->
